[2018-02-10 23:38:38] errorType: システムの例外,
message: 存在しないクラス(App\FirstProcess)が呼ばれた,
file: /home/vagrant/myserver/Eternal/System/Core/AutoLoader.php,
line: 50,
[0]
file: /home/vagrant/myserver/Eternal/public/index.php,
function: start,
args: ()
[1]
file: /home/vagrant/myserver/Eternal/System/Core/Route/Dispatcher.php,
function: get,
args: (App\FirstProcess)
[2]
file: /home/vagrant/myserver/Eternal/System/Core/Di/Container.php,
function: search,
args: (App\FirstProcess)
[3]
file: /home/vagrant/myserver/Eternal/System/Core/Di/DependencySearcher.php,
function: getRecursive,
args: (App\FirstProcess)
[4]
file: /home/vagrant/myserver/Eternal/System/Core/Di/DependencySearcher.php,
function: __construct,
args: (App\FirstProcess)
[5]
function: spl_autoload_call,
args: (App\FirstProcess)
[6]
function: autoLoad,
args: (App\FirstProcess)

[2018-02-10 23:38:38] errorType: システムの例外,
message: 存在しないクラス(App\FirstProcess)が呼ばれた,
file: /home/vagrant/myserver/Eternal/System/Core/AutoLoader.php,
line: 50,
[0]
file: /home/vagrant/myserver/Eternal/public/index.php,
function: start,
args: ()
[1]
file: /home/vagrant/myserver/Eternal/System/Core/Route/Dispatcher.php,
function: get,
args: (App\FirstProcess)
[2]
file: /home/vagrant/myserver/Eternal/System/Core/Di/Container.php,
function: search,
args: (App\FirstProcess)
[3]
file: /home/vagrant/myserver/Eternal/System/Core/Di/DependencySearcher.php,
function: getRecursive,
args: (App\FirstProcess)
[4]
file: /home/vagrant/myserver/Eternal/System/Core/Di/DependencySearcher.php,
function: __construct,
args: (App\FirstProcess)
[5]
function: spl_autoload_call,
args: (App\FirstProcess)
[6]
function: autoLoad,
args: (App\FirstProcess)

[2018-02-10 23:41:41] errorType: システムの例外,
message: 存在しないクラス(App\FirstProcess)が呼ばれた,
file: /home/vagrant/myserver/Eternal/System/Core/AutoLoader.php,
line: 50,
[0]
file: /home/vagrant/myserver/Eternal/public/index.php,
function: start,
args: ()
[1]
file: /home/vagrant/myserver/Eternal/System/Core/Route/Dispatcher.php,
function: get,
args: (App\FirstProcess)
[2]
file: /home/vagrant/myserver/Eternal/System/Core/Di/Container.php,
function: search,
args: (App\FirstProcess)
[3]
file: /home/vagrant/myserver/Eternal/System/Core/Di/DependencySearcher.php,
function: getRecursive,
args: (App\FirstProcess)
[4]
file: /home/vagrant/myserver/Eternal/System/Core/Di/DependencySearcher.php,
function: __construct,
args: (App\FirstProcess)
[5]
function: spl_autoload_call,
args: (App\FirstProcess)
[6]
function: autoLoad,
args: (App\FirstProcess)

[2018-02-10 23:41:41] errorType: システムの例外,
message: 存在しないクラス(App\FirstProcess)が呼ばれた,
file: /home/vagrant/myserver/Eternal/System/Core/AutoLoader.php,
line: 50,
[0]
file: /home/vagrant/myserver/Eternal/public/index.php,
function: start,
args: ()
[1]
file: /home/vagrant/myserver/Eternal/System/Core/Route/Dispatcher.php,
function: get,
args: (App\FirstProcess)
[2]
file: /home/vagrant/myserver/Eternal/System/Core/Di/Container.php,
function: search,
args: (App\FirstProcess)
[3]
file: /home/vagrant/myserver/Eternal/System/Core/Di/DependencySearcher.php,
function: getRecursive,
args: (App\FirstProcess)
[4]
file: /home/vagrant/myserver/Eternal/System/Core/Di/DependencySearcher.php,
function: __construct,
args: (App\FirstProcess)
[5]
function: spl_autoload_call,
args: (App\FirstProcess)
[6]
function: autoLoad,
args: (App\FirstProcess)

[2018-02-10 23:41:43] errorType: システムの例外,
message: 存在しないクラス(App\FirstProcess)が呼ばれた,
file: /home/vagrant/myserver/Eternal/System/Core/AutoLoader.php,
line: 50,
[0]
file: /home/vagrant/myserver/Eternal/public/index.php,
function: start,
args: ()
[1]
file: /home/vagrant/myserver/Eternal/System/Core/Route/Dispatcher.php,
function: get,
args: (App\FirstProcess)
[2]
file: /home/vagrant/myserver/Eternal/System/Core/Di/Container.php,
function: search,
args: (App\FirstProcess)
[3]
file: /home/vagrant/myserver/Eternal/System/Core/Di/DependencySearcher.php,
function: getRecursive,
args: (App\FirstProcess)
[4]
file: /home/vagrant/myserver/Eternal/System/Core/Di/DependencySearcher.php,
function: __construct,
args: (App\FirstProcess)
[5]
function: spl_autoload_call,
args: (App\FirstProcess)
[6]
function: autoLoad,
args: (App\FirstProcess)

[2018-02-10 23:41:43] errorType: システムの例外,
message: 存在しないクラス(App\FirstProcess)が呼ばれた,
file: /home/vagrant/myserver/Eternal/System/Core/AutoLoader.php,
line: 50,
[0]
file: /home/vagrant/myserver/Eternal/public/index.php,
function: start,
args: ()
[1]
file: /home/vagrant/myserver/Eternal/System/Core/Route/Dispatcher.php,
function: get,
args: (App\FirstProcess)
[2]
file: /home/vagrant/myserver/Eternal/System/Core/Di/Container.php,
function: search,
args: (App\FirstProcess)
[3]
file: /home/vagrant/myserver/Eternal/System/Core/Di/DependencySearcher.php,
function: getRecursive,
args: (App\FirstProcess)
[4]
file: /home/vagrant/myserver/Eternal/System/Core/Di/DependencySearcher.php,
function: __construct,
args: (App\FirstProcess)
[5]
function: spl_autoload_call,
args: (App\FirstProcess)
[6]
function: autoLoad,
args: (App\FirstProcess)

[2018-02-10 23:41:54] errorType: システムの例外,
message: 存在しないクラス(App\FirstProcess)が呼ばれた,
file: /home/vagrant/myserver/Eternal/System/Core/AutoLoader.php,
line: 50,
[0]
file: /home/vagrant/myserver/Eternal/public/index.php,
function: start,
args: ()
[1]
file: /home/vagrant/myserver/Eternal/System/Core/Route/Dispatcher.php,
function: get,
args: (App\FirstProcess)
[2]
file: /home/vagrant/myserver/Eternal/System/Core/Di/Container.php,
function: search,
args: (App\FirstProcess)
[3]
file: /home/vagrant/myserver/Eternal/System/Core/Di/DependencySearcher.php,
function: getRecursive,
args: (App\FirstProcess)
[4]
file: /home/vagrant/myserver/Eternal/System/Core/Di/DependencySearcher.php,
function: __construct,
args: (App\FirstProcess)
[5]
function: spl_autoload_call,
args: (App\FirstProcess)
[6]
function: autoLoad,
args: (App\FirstProcess)

[2018-02-10 23:41:54] errorType: システムの例外,
message: 存在しないクラス(App\FirstProcess)が呼ばれた,
file: /home/vagrant/myserver/Eternal/System/Core/AutoLoader.php,
line: 50,
[0]
file: /home/vagrant/myserver/Eternal/public/index.php,
function: start,
args: ()
[1]
file: /home/vagrant/myserver/Eternal/System/Core/Route/Dispatcher.php,
function: get,
args: (App\FirstProcess)
[2]
file: /home/vagrant/myserver/Eternal/System/Core/Di/Container.php,
function: search,
args: (App\FirstProcess)
[3]
file: /home/vagrant/myserver/Eternal/System/Core/Di/DependencySearcher.php,
function: getRecursive,
args: (App\FirstProcess)
[4]
file: /home/vagrant/myserver/Eternal/System/Core/Di/DependencySearcher.php,
function: __construct,
args: (App\FirstProcess)
[5]
function: spl_autoload_call,
args: (App\FirstProcess)
[6]
function: autoLoad,
args: (App\FirstProcess)

[2018-02-10 23:42:23] errorType: システムの例外,
message: 存在しないクラス(App\FirstProcess)が呼ばれた,
file: /home/vagrant/myserver/Eternal/System/Core/AutoLoader.php,
line: 50,
[0]
file: /home/vagrant/myserver/Eternal/public/index.php,
function: start,
args: ()
[1]
file: /home/vagrant/myserver/Eternal/System/Core/Route/Dispatcher.php,
function: get,
args: (App\FirstProcess)
[2]
file: /home/vagrant/myserver/Eternal/System/Core/Di/Container.php,
function: search,
args: (App\FirstProcess)
[3]
file: /home/vagrant/myserver/Eternal/System/Core/Di/DependencySearcher.php,
function: getRecursive,
args: (App\FirstProcess)
[4]
file: /home/vagrant/myserver/Eternal/System/Core/Di/DependencySearcher.php,
function: __construct,
args: (App\FirstProcess)
[5]
function: spl_autoload_call,
args: (App\FirstProcess)
[6]
function: autoLoad,
args: (App\FirstProcess)

[2018-02-10 23:42:23] errorType: システムの例外,
message: 存在しないクラス(App\FirstProcess)が呼ばれた,
file: /home/vagrant/myserver/Eternal/System/Core/AutoLoader.php,
line: 50,
[0]
file: /home/vagrant/myserver/Eternal/public/index.php,
function: start,
args: ()
[1]
file: /home/vagrant/myserver/Eternal/System/Core/Route/Dispatcher.php,
function: get,
args: (App\FirstProcess)
[2]
file: /home/vagrant/myserver/Eternal/System/Core/Di/Container.php,
function: search,
args: (App\FirstProcess)
[3]
file: /home/vagrant/myserver/Eternal/System/Core/Di/DependencySearcher.php,
function: getRecursive,
args: (App\FirstProcess)
[4]
file: /home/vagrant/myserver/Eternal/System/Core/Di/DependencySearcher.php,
function: __construct,
args: (App\FirstProcess)
[5]
function: spl_autoload_call,
args: (App\FirstProcess)
[6]
function: autoLoad,
args: (App\FirstProcess)

[2018-02-11 00:47:04] errorType: システムの例外,
message: 存在しないクラス(home\vagrant\myserver\System\public\App\Controller\IndexController)が呼ばれた,
file: /home/vagrant/myserver/Eternal/System/Core/AutoLoader.php,
line: 50,
[0]
file: /home/vagrant/myserver/Eternal/public/index.php,
function: start,
args: ()
[1]
file: /home/vagrant/myserver/Eternal/System/Core/Route/Dispatcher.php,
function: get,
args: (\home\vagrant\myserver\System\public\App\Controller\IndexController)
[2]
file: /home/vagrant/myserver/Eternal/System/Core/Di/Container.php,
function: search,
args: (\home\vagrant\myserver\System\public\App\Controller\IndexController)
[3]
file: /home/vagrant/myserver/Eternal/System/Core/Di/DependencySearcher.php,
function: getRecursive,
args: (\home\vagrant\myserver\System\public\App\Controller\IndexController)
[4]
file: /home/vagrant/myserver/Eternal/System/Core/Di/DependencySearcher.php,
function: __construct,
args: (\home\vagrant\myserver\System\public\App\Controller\IndexController)
[5]
function: spl_autoload_call,
args: (home\vagrant\myserver\System\public\App\Controller\IndexController)
[6]
function: autoLoad,
args: (home\vagrant\myserver\System\public\App\Controller\IndexController)

[2018-02-11 00:47:04] errorType: システムの例外,
message: 存在しないクラス(home\vagrant\myserver\System\public\App\Controller\IndexController)が呼ばれた,
file: /home/vagrant/myserver/Eternal/System/Core/AutoLoader.php,
line: 50,
[0]
file: /home/vagrant/myserver/Eternal/public/index.php,
function: start,
args: ()
[1]
file: /home/vagrant/myserver/Eternal/System/Core/Route/Dispatcher.php,
function: get,
args: (\home\vagrant\myserver\System\public\App\Controller\IndexController)
[2]
file: /home/vagrant/myserver/Eternal/System/Core/Di/Container.php,
function: search,
args: (\home\vagrant\myserver\System\public\App\Controller\IndexController)
[3]
file: /home/vagrant/myserver/Eternal/System/Core/Di/DependencySearcher.php,
function: getRecursive,
args: (\home\vagrant\myserver\System\public\App\Controller\IndexController)
[4]
file: /home/vagrant/myserver/Eternal/System/Core/Di/DependencySearcher.php,
function: __construct,
args: (\home\vagrant\myserver\System\public\App\Controller\IndexController)
[5]
function: spl_autoload_call,
args: (home\vagrant\myserver\System\public\App\Controller\IndexController)
[6]
function: autoLoad,
args: (home\vagrant\myserver\System\public\App\Controller\IndexController)

[2018-02-11 01:04:40] errorType: システムの例外,
message: 存在しないクラス(home\vagrant\myserver\System\public\App\Controller\IndexController)が呼ばれた,
file: /home/vagrant/myserver/Eternal/System/Core/AutoLoader.php,
line: 50,
[0]
file: /home/vagrant/myserver/Eternal/public/index.php,
function: start,
args: ()
[1]
file: /home/vagrant/myserver/Eternal/System/Core/Route/Dispatcher.php,
function: get,
args: (\home\vagrant\myserver\System\public\App\Controller\IndexController)
[2]
file: /home/vagrant/myserver/Eternal/System/Core/Di/Container.php,
function: search,
args: (\home\vagrant\myserver\System\public\App\Controller\IndexController)
[3]
file: /home/vagrant/myserver/Eternal/System/Core/Di/DependencySearcher.php,
function: getRecursive,
args: (\home\vagrant\myserver\System\public\App\Controller\IndexController)
[4]
file: /home/vagrant/myserver/Eternal/System/Core/Di/DependencySearcher.php,
function: __construct,
args: (\home\vagrant\myserver\System\public\App\Controller\IndexController)
[5]
function: spl_autoload_call,
args: (home\vagrant\myserver\System\public\App\Controller\IndexController)
[6]
function: autoLoad,
args: (home\vagrant\myserver\System\public\App\Controller\IndexController)

[2018-02-11 01:04:40] errorType: システムの例外,
message: 存在しないクラス(home\vagrant\myserver\System\public\App\Controller\IndexController)が呼ばれた,
file: /home/vagrant/myserver/Eternal/System/Core/AutoLoader.php,
line: 50,
[0]
file: /home/vagrant/myserver/Eternal/public/index.php,
function: start,
args: ()
[1]
file: /home/vagrant/myserver/Eternal/System/Core/Route/Dispatcher.php,
function: get,
args: (\home\vagrant\myserver\System\public\App\Controller\IndexController)
[2]
file: /home/vagrant/myserver/Eternal/System/Core/Di/Container.php,
function: search,
args: (\home\vagrant\myserver\System\public\App\Controller\IndexController)
[3]
file: /home/vagrant/myserver/Eternal/System/Core/Di/DependencySearcher.php,
function: getRecursive,
args: (\home\vagrant\myserver\System\public\App\Controller\IndexController)
[4]
file: /home/vagrant/myserver/Eternal/System/Core/Di/DependencySearcher.php,
function: __construct,
args: (\home\vagrant\myserver\System\public\App\Controller\IndexController)
[5]
function: spl_autoload_call,
args: (home\vagrant\myserver\System\public\App\Controller\IndexController)
[6]
function: autoLoad,
args: (home\vagrant\myserver\System\public\App\Controller\IndexController)

[2018-02-11 01:05:24] errorType: システムの例外,
message: 存在しないクラス(home\vagrant\myserver\System\public\App\Controller\IndexController)が呼ばれた,
file: /home/vagrant/myserver/Eternal/System/Core/AutoLoader.php,
line: 50,
[0]
file: /home/vagrant/myserver/Eternal/public/index.php,
function: start,
args: ()
[1]
file: /home/vagrant/myserver/Eternal/System/Core/Route/Dispatcher.php,
function: get,
args: (\home\vagrant\myserver\System\public\App\Controller\IndexController)
[2]
file: /home/vagrant/myserver/Eternal/System/Core/Di/Container.php,
function: search,
args: (\home\vagrant\myserver\System\public\App\Controller\IndexController)
[3]
file: /home/vagrant/myserver/Eternal/System/Core/Di/DependencySearcher.php,
function: getRecursive,
args: (\home\vagrant\myserver\System\public\App\Controller\IndexController)
[4]
file: /home/vagrant/myserver/Eternal/System/Core/Di/DependencySearcher.php,
function: __construct,
args: (\home\vagrant\myserver\System\public\App\Controller\IndexController)
[5]
function: spl_autoload_call,
args: (home\vagrant\myserver\System\public\App\Controller\IndexController)
[6]
function: autoLoad,
args: (home\vagrant\myserver\System\public\App\Controller\IndexController)

[2018-02-11 01:05:24] errorType: システムの例外,
message: 存在しないクラス(home\vagrant\myserver\System\public\App\Controller\IndexController)が呼ばれた,
file: /home/vagrant/myserver/Eternal/System/Core/AutoLoader.php,
line: 50,
[0]
file: /home/vagrant/myserver/Eternal/public/index.php,
function: start,
args: ()
[1]
file: /home/vagrant/myserver/Eternal/System/Core/Route/Dispatcher.php,
function: get,
args: (\home\vagrant\myserver\System\public\App\Controller\IndexController)
[2]
file: /home/vagrant/myserver/Eternal/System/Core/Di/Container.php,
function: search,
args: (\home\vagrant\myserver\System\public\App\Controller\IndexController)
[3]
file: /home/vagrant/myserver/Eternal/System/Core/Di/DependencySearcher.php,
function: getRecursive,
args: (\home\vagrant\myserver\System\public\App\Controller\IndexController)
[4]
file: /home/vagrant/myserver/Eternal/System/Core/Di/DependencySearcher.php,
function: __construct,
args: (\home\vagrant\myserver\System\public\App\Controller\IndexController)
[5]
function: spl_autoload_call,
args: (home\vagrant\myserver\System\public\App\Controller\IndexController)
[6]
function: autoLoad,
args: (home\vagrant\myserver\System\public\App\Controller\IndexController)

[2018-02-11 01:06:02] errorType: システムの例外,
message: 存在しないクラス(home\vagrant\myserver\System\public\App\Controller\IndexController)が呼ばれた,
file: /home/vagrant/myserver/Eternal/System/Core/AutoLoader.php,
line: 50,
[0]
file: /home/vagrant/myserver/Eternal/public/index.php,
function: start,
args: ()
[1]
file: /home/vagrant/myserver/Eternal/System/Core/Route/Dispatcher.php,
function: get,
args: (\home\vagrant\myserver\System\public\App\Controller\IndexController)
[2]
file: /home/vagrant/myserver/Eternal/System/Core/Di/Container.php,
function: search,
args: (\home\vagrant\myserver\System\public\App\Controller\IndexController)
[3]
file: /home/vagrant/myserver/Eternal/System/Core/Di/DependencySearcher.php,
function: getRecursive,
args: (\home\vagrant\myserver\System\public\App\Controller\IndexController)
[4]
file: /home/vagrant/myserver/Eternal/System/Core/Di/DependencySearcher.php,
function: __construct,
args: (\home\vagrant\myserver\System\public\App\Controller\IndexController)
[5]
function: spl_autoload_call,
args: (home\vagrant\myserver\System\public\App\Controller\IndexController)
[6]
function: autoLoad,
args: (home\vagrant\myserver\System\public\App\Controller\IndexController)

[2018-02-11 01:06:02] errorType: システムの例外,
message: 存在しないクラス(home\vagrant\myserver\System\public\App\Controller\IndexController)が呼ばれた,
file: /home/vagrant/myserver/Eternal/System/Core/AutoLoader.php,
line: 50,
[0]
file: /home/vagrant/myserver/Eternal/public/index.php,
function: start,
args: ()
[1]
file: /home/vagrant/myserver/Eternal/System/Core/Route/Dispatcher.php,
function: get,
args: (\home\vagrant\myserver\System\public\App\Controller\IndexController)
[2]
file: /home/vagrant/myserver/Eternal/System/Core/Di/Container.php,
function: search,
args: (\home\vagrant\myserver\System\public\App\Controller\IndexController)
[3]
file: /home/vagrant/myserver/Eternal/System/Core/Di/DependencySearcher.php,
function: getRecursive,
args: (\home\vagrant\myserver\System\public\App\Controller\IndexController)
[4]
file: /home/vagrant/myserver/Eternal/System/Core/Di/DependencySearcher.php,
function: __construct,
args: (\home\vagrant\myserver\System\public\App\Controller\IndexController)
[5]
function: spl_autoload_call,
args: (home\vagrant\myserver\System\public\App\Controller\IndexController)
[6]
function: autoLoad,
args: (home\vagrant\myserver\System\public\App\Controller\IndexController)

[2018-02-11 01:06:51] errorType: コントローラーの例外,
message: 存在しないメソッドを参照した (Controller: App\Controller\IndexController, Method: favicon.icoAction),
file: /home/vagrant/myserver/Eternal/System/Core/Route/BaseController.php,
line: 94,
[0]
file: /home/vagrant/myserver/Eternal/public/index.php,
function: start,
args: ()
[1]
file: /home/vagrant/myserver/Eternal/System/Core/Route/Dispatcher.php,
function: _doMethod,
args: ()
[2]
file: /home/vagrant/myserver/Eternal/System/Core/Route/BaseController.php,
function: _checkMethodExist,
args: (Object, favicon.icoAction)

[2018-02-11 01:09:34] errorType: コントローラーの例外,
message: 存在しないメソッドを参照した (Controller: App\Controller\IndexController, Method: favicon.icoAction),
file: /home/vagrant/myserver/Eternal/System/Core/Route/BaseController.php,
line: 94,
[0]
file: /home/vagrant/myserver/Eternal/public/index.php,
function: start,
args: ()
[1]
file: /home/vagrant/myserver/Eternal/System/Core/Route/Dispatcher.php,
function: _doMethod,
args: ()
[2]
file: /home/vagrant/myserver/Eternal/System/Core/Route/BaseController.php,
function: _checkMethodExist,
args: (Object, favicon.icoAction)

[2018-02-11 01:10:20] errorType: コントローラーの例外,
message: 存在しないメソッドを参照した (Controller: App\Controller\IndexController, Method: aaa.jpgAction),
file: /home/vagrant/myserver/Eternal/System/Core/Route/BaseController.php,
line: 94,
[0]
file: /home/vagrant/myserver/Eternal/public/index.php,
function: start,
args: ()
[1]
file: /home/vagrant/myserver/Eternal/System/Core/Route/Dispatcher.php,
function: _doMethod,
args: ()
[2]
file: /home/vagrant/myserver/Eternal/System/Core/Route/BaseController.php,
function: _checkMethodExist,
args: (Object, aaa.jpgAction)

[2018-02-11 01:10:20] errorType: コントローラーの例外,
message: 存在しないメソッドを参照した (Controller: App\Controller\IndexController, Method: favicon.icoAction),
file: /home/vagrant/myserver/Eternal/System/Core/Route/BaseController.php,
line: 94,
[0]
file: /home/vagrant/myserver/Eternal/public/index.php,
function: start,
args: ()
[1]
file: /home/vagrant/myserver/Eternal/System/Core/Route/Dispatcher.php,
function: _doMethod,
args: ()
[2]
file: /home/vagrant/myserver/Eternal/System/Core/Route/BaseController.php,
function: _checkMethodExist,
args: (Object, favicon.icoAction)

[2018-02-11 01:10:38] errorType: コントローラーの例外,
message: 存在しないメソッドを参照した (Controller: App\Controller\IndexController, Method: favicon.icoAction),
file: /home/vagrant/myserver/Eternal/System/Core/Route/BaseController.php,
line: 94,
[0]
file: /home/vagrant/myserver/Eternal/public/index.php,
function: start,
args: ()
[1]
file: /home/vagrant/myserver/Eternal/System/Core/Route/Dispatcher.php,
function: _doMethod,
args: ()
[2]
file: /home/vagrant/myserver/Eternal/System/Core/Route/BaseController.php,
function: _checkMethodExist,
args: (Object, favicon.icoAction)

[2018-02-11 01:11:06] errorType: コントローラーの例外,
message: 存在しないメソッドを参照した (Controller: App\Controller\IndexController, Method: aaa.jpgAction),
file: /home/vagrant/myserver/Eternal/System/Core/Route/BaseController.php,
line: 94,
[0]
file: /home/vagrant/myserver/Eternal/public/index.php,
function: start,
args: ()
[1]
file: /home/vagrant/myserver/Eternal/System/Core/Route/Dispatcher.php,
function: _doMethod,
args: ()
[2]
file: /home/vagrant/myserver/Eternal/System/Core/Route/BaseController.php,
function: _checkMethodExist,
args: (Object, aaa.jpgAction)

[2018-02-11 01:11:06] errorType: コントローラーの例外,
message: 存在しないメソッドを参照した (Controller: App\Controller\IndexController, Method: favicon.icoAction),
file: /home/vagrant/myserver/Eternal/System/Core/Route/BaseController.php,
line: 94,
[0]
file: /home/vagrant/myserver/Eternal/public/index.php,
function: start,
args: ()
[1]
file: /home/vagrant/myserver/Eternal/System/Core/Route/Dispatcher.php,
function: _doMethod,
args: ()
[2]
file: /home/vagrant/myserver/Eternal/System/Core/Route/BaseController.php,
function: _checkMethodExist,
args: (Object, favicon.icoAction)

[2018-02-11 01:11:15] errorType: コントローラーの例外,
message: 存在しないメソッドを参照した (Controller: App\Controller\IndexController, Method: favicon.icoAction),
file: /home/vagrant/myserver/Eternal/System/Core/Route/BaseController.php,
line: 94,
[0]
file: /home/vagrant/myserver/Eternal/public/index.php,
function: start,
args: ()
[1]
file: /home/vagrant/myserver/Eternal/System/Core/Route/Dispatcher.php,
function: _doMethod,
args: ()
[2]
file: /home/vagrant/myserver/Eternal/System/Core/Route/BaseController.php,
function: _checkMethodExist,
args: (Object, favicon.icoAction)

[2018-02-11 10:02:18] errorType: コントローラーの例外,
message: 存在しないメソッドを参照した (Controller: App\Controller\IndexController, Method: favicon.icoAction),
file: /home/vagrant/myserver/Eternal/System/Core/Route/BaseController.php,
line: 94,
[0]
file: /home/vagrant/myserver/Eternal/public/index.php,
function: start,
args: ()
[1]
file: /home/vagrant/myserver/Eternal/System/Core/Route/Dispatcher.php,
function: _doMethod,
args: ()
[2]
file: /home/vagrant/myserver/Eternal/System/Core/Route/BaseController.php,
function: _checkMethodExist,
args: (Object, favicon.icoAction)

[2018-02-11 10:02:19] errorType: コントローラーの例外,
message: 存在しないメソッドを参照した (Controller: App\Controller\IndexController, Method: favicon.icoAction),
file: /home/vagrant/myserver/Eternal/System/Core/Route/BaseController.php,
line: 94,
[0]
file: /home/vagrant/myserver/Eternal/public/index.php,
function: start,
args: ()
[1]
file: /home/vagrant/myserver/Eternal/System/Core/Route/Dispatcher.php,
function: _doMethod,
args: ()
[2]
file: /home/vagrant/myserver/Eternal/System/Core/Route/BaseController.php,
function: _checkMethodExist,
args: (Object, favicon.icoAction)

[2018-02-11 11:19:16] errorType: コントローラーの例外,
message: 存在しないメソッドを参照した (Controller: App\Controller\IndexController, Method: favicon.icoAction),
file: /home/vagrant/myserver/Eternal/System/Core/Route/BaseController.php,
line: 94,
[0]
file: /home/vagrant/myserver/Eternal/public/index.php,
function: start,
args: ()
[1]
file: /home/vagrant/myserver/Eternal/System/Core/Route/Dispatcher.php,
function: _doMethod,
args: ()
[2]
file: /home/vagrant/myserver/Eternal/System/Core/Route/BaseController.php,
function: _checkMethodExist,
args: (Object, favicon.icoAction)

[2018-02-11 11:19:17] errorType: コントローラーの例外,
message: 存在しないメソッドを参照した (Controller: App\Controller\IndexController, Method: favicon.icoAction),
file: /home/vagrant/myserver/Eternal/System/Core/Route/BaseController.php,
line: 94,
[0]
file: /home/vagrant/myserver/Eternal/public/index.php,
function: start,
args: ()
[1]
file: /home/vagrant/myserver/Eternal/System/Core/Route/Dispatcher.php,
function: _doMethod,
args: ()
[2]
file: /home/vagrant/myserver/Eternal/System/Core/Route/BaseController.php,
function: _checkMethodExist,
args: (Object, favicon.icoAction)

[2018-02-11 11:19:18] errorType: コントローラーの例外,
message: 存在しないメソッドを参照した (Controller: App\Controller\IndexController, Method: favicon.icoAction),
file: /home/vagrant/myserver/Eternal/System/Core/Route/BaseController.php,
line: 94,
[0]
file: /home/vagrant/myserver/Eternal/public/index.php,
function: start,
args: ()
[1]
file: /home/vagrant/myserver/Eternal/System/Core/Route/Dispatcher.php,
function: _doMethod,
args: ()
[2]
file: /home/vagrant/myserver/Eternal/System/Core/Route/BaseController.php,
function: _checkMethodExist,
args: (Object, favicon.icoAction)

[2018-02-11 11:29:57] errorType: コントローラーの例外,
message: 存在しないメソッドを参照した (Controller: App\Controller\IndexController, Method: favicon.icoAction),
file: /home/vagrant/myserver/Eternal/System/Core/Route/BaseController.php,
line: 94,
[0]
file: /home/vagrant/myserver/Eternal/public/index.php,
function: start,
args: ()
[1]
file: /home/vagrant/myserver/Eternal/System/Core/Route/Dispatcher.php,
function: _doMethod,
args: ()
[2]
file: /home/vagrant/myserver/Eternal/System/Core/Route/BaseController.php,
function: _checkMethodExist,
args: (Object, favicon.icoAction)

